<?xml version="1.0" encoding="UTF-8"?>
<testsuite xmlns:xsi="http://www.w3.org/2001/XMLSchema-instance" xsi:noNamespaceSchemaLocation="https://maven.apache.org/surefire/maven-surefire-plugin/xsd/surefire-test-report-3.0.xsd" version="3.0" name="com.test.service.UserServiceTest" time="1.491" tests="1" errors="0" skipped="0" failures="0">
  <properties>
    <property name="sun.desktop" value="windows"/>
    <property name="awt.toolkit" value="sun.awt.windows.WToolkit"/>
    <property name="file.encoding.pkg" value="sun.io"/>
    <property name="java.specification.version" value="1.8"/>
    <property name="sun.cpu.isalist" value="pentium_pro+mmx pentium_pro pentium+mmx pentium i486 i386 i86"/>
    <property name="sun.jnu.encoding" value="GBK"/>
    <property name="java.class.path" value="D:\Code\javaweb_learn\spring_springmvc_mybatis\target\test-classes;D:\Code\javaweb_learn\spring_springmvc_mybatis\target\classes;D:\Apps\apache-maven-3.9.9\repo\junit\junit\4.13.2\junit-4.13.2.jar;D:\Apps\apache-maven-3.9.9\repo\org\hamcrest\hamcrest-core\1.3\hamcrest-core-1.3.jar;D:\Apps\apache-maven-3.9.9\repo\org\springframework\spring-webmvc\5.2.10.RELEASE\spring-webmvc-5.2.10.RELEASE.jar;D:\Apps\apache-maven-3.9.9\repo\org\springframework\spring-aop\5.2.10.RELEASE\spring-aop-5.2.10.RELEASE.jar;D:\Apps\apache-maven-3.9.9\repo\org\springframework\spring-beans\5.2.10.RELEASE\spring-beans-5.2.10.RELEASE.jar;D:\Apps\apache-maven-3.9.9\repo\org\springframework\spring-context\5.2.10.RELEASE\spring-context-5.2.10.RELEASE.jar;D:\Apps\apache-maven-3.9.9\repo\org\springframework\spring-core\5.2.10.RELEASE\spring-core-5.2.10.RELEASE.jar;D:\Apps\apache-maven-3.9.9\repo\org\springframework\spring-jcl\5.2.10.RELEASE\spring-jcl-5.2.10.RELEASE.jar;D:\Apps\apache-maven-3.9.9\repo\org\springframework\spring-expression\5.2.10.RELEASE\spring-expression-5.2.10.RELEASE.jar;D:\Apps\apache-maven-3.9.9\repo\org\springframework\spring-web\5.2.10.RELEASE\spring-web-5.2.10.RELEASE.jar;D:\Apps\apache-maven-3.9.9\repo\org\springframework\spring-jdbc\5.2.10.RELEASE\spring-jdbc-5.2.10.RELEASE.jar;D:\Apps\apache-maven-3.9.9\repo\org\springframework\spring-test\5.2.10.RELEASE\spring-test-5.2.10.RELEASE.jar;D:\Apps\apache-maven-3.9.9\repo\org\springframework\spring-tx\5.2.10.RELEASE\spring-tx-5.2.10.RELEASE.jar;D:\Apps\apache-maven-3.9.9\repo\org\mybatis\mybatis\3.5.10\mybatis-3.5.10.jar;D:\Apps\apache-maven-3.9.9\repo\org\mybatis\mybatis-spring\1.3.0\mybatis-spring-1.3.0.jar;D:\Apps\apache-maven-3.9.9\repo\mysql\mysql-connector-java\8.0.30\mysql-connector-java-8.0.30.jar;D:\Apps\apache-maven-3.9.9\repo\com\google\protobuf\protobuf-java\3.19.4\protobuf-java-3.19.4.jar;D:\Apps\apache-maven-3.9.9\repo\com\alibaba\druid\1.2.20\druid-1.2.20.jar;D:\Apps\apache-maven-3.9.9\repo\javax\servlet\javax.servlet-api\3.1.0\javax.servlet-api-3.1.0.jar;D:\Apps\apache-maven-3.9.9\repo\com\fasterxml\jackson\core\jackson-databind\2.15.0\jackson-databind-2.15.0.jar;D:\Apps\apache-maven-3.9.9\repo\com\fasterxml\jackson\core\jackson-annotations\2.15.0\jackson-annotations-2.15.0.jar;D:\Apps\apache-maven-3.9.9\repo\com\fasterxml\jackson\core\jackson-core\2.15.0\jackson-core-2.15.0.jar;"/>
    <property name="java.vm.vendor" value="Oracle Corporation"/>
    <property name="sun.arch.data.model" value="32"/>
    <property name="user.variant" value=""/>
    <property name="java.vendor.url" value="http://java.oracle.com/"/>
    <property name="user.timezone" value="Asia/Shanghai"/>
    <property name="java.vm.specification.version" value="1.8"/>
    <property name="os.name" value="Windows 10"/>
    <property name="user.country" value="CN"/>
    <property name="sun.java.launcher" value="SUN_STANDARD"/>
    <property name="sun.boot.library.path" value="D:\Apps\Java\jdk-1.8\jre\bin"/>
    <property name="sun.java.command" value="C:\Users\huoti\AppData\Local\Temp\surefire1169960517590265372\surefirebooter-20250223223122924_3.jar C:\Users\huoti\AppData\Local\Temp\surefire1169960517590265372 2025-02-23T22-31-22_658-jvmRun1 surefire-20250223223122924_1tmp surefire_0-20250223223122924_2tmp"/>
    <property name="surefire.test.class.path" value="D:\Code\javaweb_learn\spring_springmvc_mybatis\target\test-classes;D:\Code\javaweb_learn\spring_springmvc_mybatis\target\classes;D:\Apps\apache-maven-3.9.9\repo\junit\junit\4.13.2\junit-4.13.2.jar;D:\Apps\apache-maven-3.9.9\repo\org\hamcrest\hamcrest-core\1.3\hamcrest-core-1.3.jar;D:\Apps\apache-maven-3.9.9\repo\org\springframework\spring-webmvc\5.2.10.RELEASE\spring-webmvc-5.2.10.RELEASE.jar;D:\Apps\apache-maven-3.9.9\repo\org\springframework\spring-aop\5.2.10.RELEASE\spring-aop-5.2.10.RELEASE.jar;D:\Apps\apache-maven-3.9.9\repo\org\springframework\spring-beans\5.2.10.RELEASE\spring-beans-5.2.10.RELEASE.jar;D:\Apps\apache-maven-3.9.9\repo\org\springframework\spring-context\5.2.10.RELEASE\spring-context-5.2.10.RELEASE.jar;D:\Apps\apache-maven-3.9.9\repo\org\springframework\spring-core\5.2.10.RELEASE\spring-core-5.2.10.RELEASE.jar;D:\Apps\apache-maven-3.9.9\repo\org\springframework\spring-jcl\5.2.10.RELEASE\spring-jcl-5.2.10.RELEASE.jar;D:\Apps\apache-maven-3.9.9\repo\org\springframework\spring-expression\5.2.10.RELEASE\spring-expression-5.2.10.RELEASE.jar;D:\Apps\apache-maven-3.9.9\repo\org\springframework\spring-web\5.2.10.RELEASE\spring-web-5.2.10.RELEASE.jar;D:\Apps\apache-maven-3.9.9\repo\org\springframework\spring-jdbc\5.2.10.RELEASE\spring-jdbc-5.2.10.RELEASE.jar;D:\Apps\apache-maven-3.9.9\repo\org\springframework\spring-test\5.2.10.RELEASE\spring-test-5.2.10.RELEASE.jar;D:\Apps\apache-maven-3.9.9\repo\org\springframework\spring-tx\5.2.10.RELEASE\spring-tx-5.2.10.RELEASE.jar;D:\Apps\apache-maven-3.9.9\repo\org\mybatis\mybatis\3.5.10\mybatis-3.5.10.jar;D:\Apps\apache-maven-3.9.9\repo\org\mybatis\mybatis-spring\1.3.0\mybatis-spring-1.3.0.jar;D:\Apps\apache-maven-3.9.9\repo\mysql\mysql-connector-java\8.0.30\mysql-connector-java-8.0.30.jar;D:\Apps\apache-maven-3.9.9\repo\com\google\protobuf\protobuf-java\3.19.4\protobuf-java-3.19.4.jar;D:\Apps\apache-maven-3.9.9\repo\com\alibaba\druid\1.2.20\druid-1.2.20.jar;D:\Apps\apache-maven-3.9.9\repo\javax\servlet\javax.servlet-api\3.1.0\javax.servlet-api-3.1.0.jar;D:\Apps\apache-maven-3.9.9\repo\com\fasterxml\jackson\core\jackson-databind\2.15.0\jackson-databind-2.15.0.jar;D:\Apps\apache-maven-3.9.9\repo\com\fasterxml\jackson\core\jackson-annotations\2.15.0\jackson-annotations-2.15.0.jar;D:\Apps\apache-maven-3.9.9\repo\com\fasterxml\jackson\core\jackson-core\2.15.0\jackson-core-2.15.0.jar;"/>
    <property name="sun.cpu.endian" value="little"/>
    <property name="user.home" value="C:\Users\huoti"/>
    <property name="user.language" value="zh"/>
    <property name="java.specification.vendor" value="Oracle Corporation"/>
    <property name="java.home" value="D:\Apps\Java\jdk-1.8\jre"/>
    <property name="basedir" value="D:\Code\javaweb_learn\spring_springmvc_mybatis"/>
    <property name="file.separator" value="\"/>
    <property name="line.separator" value="&#10;"/>
    <property name="java.vm.specification.vendor" value="Oracle Corporation"/>
    <property name="java.specification.name" value="Java Platform API Specification"/>
    <property name="java.awt.graphicsenv" value="sun.awt.Win32GraphicsEnvironment"/>
    <property name="surefire.real.class.path" value="C:\Users\huoti\AppData\Local\Temp\surefire1169960517590265372\surefirebooter-20250223223122924_3.jar"/>
    <property name="sun.boot.class.path" value="D:\Apps\Java\jdk-1.8\jre\lib\resources.jar;D:\Apps\Java\jdk-1.8\jre\lib\rt.jar;D:\Apps\Java\jdk-1.8\jre\lib\jsse.jar;D:\Apps\Java\jdk-1.8\jre\lib\jce.jar;D:\Apps\Java\jdk-1.8\jre\lib\charsets.jar;D:\Apps\Java\jdk-1.8\jre\lib\jfr.jar;D:\Apps\Java\jdk-1.8\jre\classes"/>
    <property name="user.script" value=""/>
    <property name="sun.management.compiler" value="HotSpot Client Compiler"/>
    <property name="java.runtime.version" value="1.8.0_441-b07"/>
    <property name="user.name" value="huoti"/>
    <property name="path.separator" value=";"/>
    <property name="os.version" value="10.0"/>
    <property name="java.endorsed.dirs" value="D:\Apps\Java\jdk-1.8\jre\lib\endorsed"/>
    <property name="java.runtime.name" value="Java(TM) SE Runtime Environment"/>
    <property name="file.encoding" value="GBK"/>
    <property name="java.vm.name" value="Java HotSpot(TM) Client VM"/>
    <property name="localRepository" value="D:\Apps\apache-maven-3.9.9\repo"/>
    <property name="java.vendor.url.bug" value="http://bugreport.sun.com/bugreport/"/>
    <property name="java.io.tmpdir" value="C:\Users\huoti\AppData\Local\Temp\"/>
    <property name="java.version" value="1.8.0_441"/>
    <property name="user.dir" value="D:\Code\javaweb_learn\spring_springmvc_mybatis"/>
    <property name="os.arch" value="x86"/>
    <property name="java.vm.specification.name" value="Java Virtual Machine Specification"/>
    <property name="java.awt.printerjob" value="sun.awt.windows.WPrinterJob"/>
    <property name="sun.os.patch.level" value=""/>
    <property name="java.library.path" value="D:\Apps\Java\jdk-1.8\jre\bin;C:\Windows\Sun\Java\bin;C:\Windows\system32;C:\Windows;D:\Apps\Java\jdk-1.8\bin;C:\Program Files\Common Files\Oracle\Java\javapath;C:\Program Files (x86)\Common Files\Oracle\Java\java8path;C:\Program Files (x86)\Common Files\Oracle\Java\javapath;C:\Windows\system32;C:\Windows;C:\Windows\System32\Wbem;C:\Windows\System32\WindowsPowerShell\v1.0\;C:\Windows\System32\OpenSSH\;C:\Program Files (x86)\NVIDIA Corporation\PhysX\Common;C:\Program Files\dotnet\;C:\Program Files\NVIDIA Corporation\NVIDIA app\NvDLISR;C:\Users\huoti\AppData\Local\Microsoft\WindowsApps;D:\Apps\apache-maven-3.9.9\bin;D:\Apps\nvm;D:\Apps\nodejs;C:\Program Files\MySQL\MySQL Server 8.0\bin;D:\Apps\Git\cmd;;."/>
    <property name="java.vm.info" value="mixed mode, sharing"/>
    <property name="java.vendor" value="Oracle Corporation"/>
    <property name="java.vm.version" value="25.441-b07"/>
    <property name="java.specification.maintenance.version" value="6"/>
    <property name="java.ext.dirs" value="D:\Apps\Java\jdk-1.8\jre\lib\ext;C:\Windows\Sun\Java\lib\ext"/>
    <property name="sun.io.unicode.encoding" value="UnicodeLittle"/>
    <property name="java.class.version" value="52.0"/>
  </properties>
  <testcase name="testSaveOne" classname="com.test.service.UserServiceTest" time="0.839">
    <system-out><![CDATA[true
]]></system-out>
    <system-err><![CDATA[二月 23, 2025 10:31:23 下午 org.springframework.test.context.support.AbstractTestContextBootstrapper getDefaultTestExecutionListenerClassNames
信息: Loaded default TestExecutionListener class names from location [META-INF/spring.factories]: [org.springframework.test.context.web.ServletTestExecutionListener, org.springframework.test.context.support.DirtiesContextBeforeModesTestExecutionListener, org.springframework.test.context.support.DependencyInjectionTestExecutionListener, org.springframework.test.context.support.DirtiesContextTestExecutionListener, org.springframework.test.context.transaction.TransactionalTestExecutionListener, org.springframework.test.context.jdbc.SqlScriptsTestExecutionListener, org.springframework.test.context.event.EventPublishingTestExecutionListener]
二月 23, 2025 10:31:23 下午 org.springframework.test.context.support.AbstractTestContextBootstrapper getTestExecutionListeners
信息: Using TestExecutionListeners: [org.springframework.test.context.web.ServletTestExecutionListener@f97850, org.springframework.test.context.support.DirtiesContextBeforeModesTestExecutionListener@f60048, org.springframework.test.context.support.DependencyInjectionTestExecutionListener@1548a08, org.springframework.test.context.support.DirtiesContextTestExecutionListener@aa0a0a, org.springframework.test.context.transaction.TransactionalTestExecutionListener@180cb77, org.springframework.test.context.jdbc.SqlScriptsTestExecutionListener@11a7f8f, org.springframework.test.context.event.EventPublishingTestExecutionListener@a7bc6e]
二月 23, 2025 10:31:23 下午 com.alibaba.druid.support.logging.JakartaCommonsLoggingImpl info
信息: {dataSource-1} inited
]]></system-err>
  </testcase>
</testsuite>